Using pre-set license
Built from '2021.3/staging' branch; Version is '2021.3.21f1 (1b156197d683) revision 1774945'; Using compiler version '192829333'; Build Type 'Release'
OS: 'Windows 11  (10.0.22621) 64bit Professional' Language: 'ru' Physical Memory: 15741 MB
BatchMode: 1, IsHumanControllingUs: 0, StartBugReporterOnCrash: 0, Is64bit: 1, IsPro: 1

COMMAND LINE ARGUMENTS:
C:\Program Files\Unity\Hub\Editor\2021.3.21f1\Editor\Unity.exe
-adb2
-batchMode
-noUpm
-name
AssetImportWorker2
-projectPath
C:/Users/georg/Flapy1
-logFile
Logs/AssetImportWorker2.log
-srvPort
51042
Successfully changed project path to: C:/Users/georg/Flapy1
C:/Users/georg/Flapy1
[UnityMemory] Configuration Parameters - Can be set up in boot.config
    "memorysetup-bucket-allocator-granularity=16"
    "memorysetup-bucket-allocator-bucket-count=8"
    "memorysetup-bucket-allocator-block-size=33554432"
    "memorysetup-bucket-allocator-block-count=8"
    "memorysetup-main-allocator-block-size=16777216"
    "memorysetup-thread-allocator-block-size=16777216"
    "memorysetup-gfx-main-allocator-block-size=16777216"
    "memorysetup-gfx-thread-allocator-block-size=16777216"
    "memorysetup-cache-allocator-block-size=4194304"
    "memorysetup-typetree-allocator-block-size=2097152"
    "memorysetup-profiler-bucket-allocator-granularity=16"
    "memorysetup-profiler-bucket-allocator-bucket-count=8"
    "memorysetup-profiler-bucket-allocator-block-size=33554432"
    "memorysetup-profiler-bucket-allocator-block-count=8"
    "memorysetup-profiler-allocator-block-size=16777216"
    "memorysetup-profiler-editor-allocator-block-size=1048576"
    "memorysetup-temp-allocator-size-main=16777216"
    "memorysetup-job-temp-allocator-block-size=2097152"
    "memorysetup-job-temp-allocator-block-size-background=1048576"
    "memorysetup-job-temp-allocator-reduction-small-platforms=262144"
    "memorysetup-temp-allocator-size-background-worker=32768"
    "memorysetup-temp-allocator-size-job-worker=262144"
    "memorysetup-temp-allocator-size-preload-manager=33554432"
    "memorysetup-temp-allocator-size-nav-mesh-worker=65536"
    "memorysetup-temp-allocator-size-audio-worker=65536"
    "memorysetup-temp-allocator-size-cloud-worker=32768"
    "memorysetup-temp-allocator-size-gi-baking-worker=262144"
    "memorysetup-temp-allocator-size-gfx=262144"
Player connection [38860] Host "[IP] 192.168.0.108 [Port] 0 [Flags] 2 [Guid] 2978544892 [EditorId] 2978544892 [Version] 1048832 [Id] WindowsEditor(7,AD_Shul) [Debug] 1 [PackageName] WindowsEditor [ProjectName] Editor" joined multi-casting on [225.0.0.222:54997]...

Player connection [38860] Host "[IP] 192.168.0.108 [Port] 0 [Flags] 2 [Guid] 2978544892 [EditorId] 2978544892 [Version] 1048832 [Id] WindowsEditor(7,AD_Shul) [Debug] 1 [PackageName] WindowsEditor [ProjectName] Editor" joined alternative multi-casting on [225.0.0.222:34997]...

Refreshing native plugins compatible for Editor in 73.25 ms, found 3 plugins.
Preloading 0 native plugins for Editor in 0.00 ms.
Initialize engine version: 2021.3.21f1 (1b156197d683)
[Subsystems] Discovering subsystems at path C:/Program Files/Unity/Hub/Editor/2021.3.21f1/Editor/Data/Resources/UnitySubsystems
[Subsystems] Discovering subsystems at path C:/Users/georg/Flapy1/Assets
GfxDevice: creating device client; threaded=0; jobified=0
Direct3D:
    Version:  Direct3D 11.0 [level 11.1]
    Renderer: NVIDIA GeForce GTX 1650 (ID=0x1f99)
    Vendor:   NVIDIA
    VRAM:     3950 MB
    Driver:   31.0.15.3598
Initialize mono
Mono path[0] = 'C:/Program Files/Unity/Hub/Editor/2021.3.21f1/Editor/Data/Managed'
Mono path[1] = 'C:/Program Files/Unity/Hub/Editor/2021.3.21f1/Editor/Data/MonoBleedingEdge/lib/mono/unityjit-win32'
Mono config path = 'C:/Program Files/Unity/Hub/Editor/2021.3.21f1/Editor/Data/MonoBleedingEdge/etc'
Using monoOptions --debugger-agent=transport=dt_socket,embedding=1,server=y,suspend=n,address=127.0.0.1:56096
Begin MonoManager ReloadAssembly
Registering precompiled unity dll's ...
Register platform support module: C:/Program Files/Unity/Hub/Editor/2021.3.21f1/Editor/Data/PlaybackEngines/WebGLSupport/UnityEditor.WebGL.Extensions.dll
Register platform support module: C:/Program Files/Unity/Hub/Editor/2021.3.21f1/Editor/Data/PlaybackEngines/AndroidPlayer/UnityEditor.Android.Extensions.dll
Register platform support module: C:/Program Files/Unity/Hub/Editor/2021.3.21f1/Editor/Data/PlaybackEngines/WindowsStandaloneSupport/UnityEditor.WindowsStandalone.Extensions.dll
Register platform support module: C:/Program Files/Unity/Hub/Editor/2021.3.21f1/Editor/Data/PlaybackEngines/MetroSupport/UnityEditor.UWP.Extensions.dll
Registered in 0.005765 seconds.
Native extension for UWP target not found
Native extension for WindowsStandalone target not found
Native extension for Android target not found
Android Extension - Scanning For ADB Devices 290 ms
Native extension for WebGL target not found
Refreshing native plugins compatible for Editor in 73.65 ms, found 3 plugins.
Preloading 0 native plugins for Editor in 0.00 ms.
Mono: successfully reloaded assembly
- Completed reload, in  0.917 seconds
Domain Reload Profiling:
	ReloadAssembly (917ms)
		BeginReloadAssembly (80ms)
			ExecutionOrderSort (0ms)
			DisableScriptedObjects (0ms)
			BackupInstance (0ms)
			ReleaseScriptingObjects (0ms)
			CreateAndSetChildDomain (1ms)
		EndReloadAssembly (742ms)
			LoadAssemblies (78ms)
			RebuildTransferFunctionScriptingTraits (0ms)
			SetupTypeCache (109ms)
			ReleaseScriptCaches (0ms)
			RebuildScriptCaches (30ms)
			SetupLoadedEditorAssemblies (554ms)
				LogAssemblyErrors (0ms)
				InitializePlatformSupportModulesInManaged (355ms)
				SetLoadedEditorAssemblies (0ms)
				RefreshPlugins (74ms)
				BeforeProcessingInitializeOnLoad (1ms)
				ProcessInitializeOnLoadAttributes (84ms)
				ProcessInitializeOnLoadMethodAttributes (40ms)
				AfterProcessingInitializeOnLoad (0ms)
				EditorAssembliesLoaded (0ms)
			ExecutionOrderSort2 (0ms)
			AwakeInstancesAfterBackupRestoration (0ms)
Platform modules already initialized, skipping
Registering precompiled user dll's ...
Registered in 0.005006 seconds.
Begin MonoManager ReloadAssembly
Symbol file LoadedFromMemory doesn't match image C:\Users\georg\Flapy1\Library\PackageCache\com.unity.visualscripting@1.8.0\Editor\VisualScripting.Core\Dependencies\YamlDotNet\Unity.VisualScripting.YamlDotNet.dll
Symbol file LoadedFromMemory doesn't match image C:\Users\georg\Flapy1\Library\PackageCache\com.unity.visualscripting@1.8.0\Editor\VisualScripting.Core\Dependencies\DotNetZip\Unity.VisualScripting.IonicZip.dll
Symbol file LoadedFromMemory is not a mono symbol file
Native extension for UWP target not found
Native extension for WindowsStandalone target not found
Native extension for Android target not found
Native extension for WebGL target not found
Refreshing native plugins compatible for Editor in 0.59 ms, found 3 plugins.
Preloading 0 native plugins for Editor in 0.00 ms.
Mono: successfully reloaded assembly
- Completed reload, in  1.289 seconds
Domain Reload Profiling:
	ReloadAssembly (1290ms)
		BeginReloadAssembly (122ms)
			ExecutionOrderSort (0ms)
			DisableScriptedObjects (9ms)
			BackupInstance (0ms)
			ReleaseScriptingObjects (0ms)
			CreateAndSetChildDomain (24ms)
		EndReloadAssembly (1068ms)
			LoadAssemblies (93ms)
			RebuildTransferFunctionScriptingTraits (0ms)
			SetupTypeCache (453ms)
			ReleaseScriptCaches (1ms)
			RebuildScriptCaches (82ms)
			SetupLoadedEditorAssemblies (397ms)
				LogAssemblyErrors (0ms)
				InitializePlatformSupportModulesInManaged (23ms)
				SetLoadedEditorAssemblies (0ms)
				RefreshPlugins (1ms)
				BeforeProcessingInitializeOnLoad (79ms)
				ProcessInitializeOnLoadAttributes (265ms)
				ProcessInitializeOnLoadMethodAttributes (22ms)
				AfterProcessingInitializeOnLoad (7ms)
				EditorAssembliesLoaded (0ms)
			ExecutionOrderSort2 (0ms)
			AwakeInstancesAfterBackupRestoration (5ms)
Platform modules already initialized, skipping
========================================================================
Worker process is ready to serve import requests
Launched and connected shader compiler UnityShaderCompiler.exe after 0.13 seconds
Refreshing native plugins compatible for Editor in 1.52 ms, found 3 plugins.
Preloading 0 native plugins for Editor in 0.00 ms.
Unloading 3268 Unused Serialized files (Serialized files now loaded: 0)
Unloading 41 unused Assets / (186.5 KB). Loaded Objects now: 3728.
Memory consumption went from 116.1 MB to 115.9 MB.
Total: 5.247600 ms (FindLiveObjects: 0.566300 ms CreateObjectMapping: 0.337800 ms MarkObjects: 4.170900 ms  DeleteObjects: 0.170900 ms)

AssetImportParameters requested are different than current active one (requested -> active):
  custom:video-decoder-ogg-theora: a1e56fd34408186e4bbccfd4996cb3dc -> 
  custom:container-muxer-webm: aa71ff27fc2769a1b78a27578f13a17b -> 
  custom:container-demuxer-webm: 4f35f7cbe854078d1ac9338744f61a02 -> 
  custom:video-encoder-webm-vp8: eb34c28f22e8b96e1ab97ce403110664 -> 
  custom:audio-encoder-webm-vorbis: bf7c407c2cedff20999df2af8eb42d56 -> 
  custom:framework-win-MediaFoundation: 216162199b28c13a410421893ffa2e32 -> 
  custom:container-demuxer-ogg: 62fdf1f143b41e24485cea50d1cbac27 -> 
  custom:video-decoder-webm-vp8: 9c59270c3fd7afecdb556c50c9e8de78 -> 
  custom:audio-decoder-ogg-vorbis: bf7c407c2cedff20999df2af8eb42d56 -> 
========================================================================
Received Import Request.
  Time since last request: 1285930.506175 seconds.
  path: Assets/Material/Materials/New Material 4.mat
  artifactKey: Guid(8c7f2848ff2a58348856a71d0b66f091) Importer(815301076,1909f56bfc062723c751e8b465ee728b)
Start importing Assets/Material/Materials/New Material 4.mat using Guid(8c7f2848ff2a58348856a71d0b66f091) Importer(815301076,1909f56bfc062723c751e8b465ee728b)  -> (artifact id: '0b6ce5ad244b8838cb6106d5a9cf11ed') in 0.245530 seconds 
========================================================================
Received Import Request.
  Time since last request: 0.000059 seconds.
  path: Assets/Material/Materials/New Material.mat
  artifactKey: Guid(214b73a4017cefe4cb9bedb8e06b2d6e) Importer(815301076,1909f56bfc062723c751e8b465ee728b)
Start importing Assets/Material/Materials/New Material.mat using Guid(214b73a4017cefe4cb9bedb8e06b2d6e) Importer(815301076,1909f56bfc062723c751e8b465ee728b)  -> (artifact id: 'e78dd70121a391fe2904f2c56bae7097') in 0.032945 seconds 
========================================================================
Received Import Request.
  Time since last request: 3.700516 seconds.
  path: Assets/Material/HeightMap/1.tga
  artifactKey: Guid(3f80c21c3f177ac4d92ef7a128f1a6e3) Importer(815301076,1909f56bfc062723c751e8b465ee728b)
Start importing Assets/Material/HeightMap/1.tga using Guid(3f80c21c3f177ac4d92ef7a128f1a6e3) Importer(815301076,1909f56bfc062723c751e8b465ee728b)  -> (artifact id: '0e96ea984cafd28c1d3be614d0e85ae9') in 0.103489 seconds 
========================================================================
Received Import Request.
  Time since last request: 350.749394 seconds.
  path: Assets/Material/Scins/Без имени-.png
  artifactKey: Guid(4590a8a7833380642a2a2762fa9e8dee) Importer(815301076,1909f56bfc062723c751e8b465ee728b)
Start importing Assets/Material/Scins/Без имени-.png using Guid(4590a8a7833380642a2a2762fa9e8dee) Importer(815301076,1909f56bfc062723c751e8b465ee728b)  -> (artifact id: '3b9efa434d1bae5cd98e693094cfe7fc') in 0.052257 seconds 
========================================================================
Received Import Request.
  Time since last request: 15.182229 seconds.
  path: Assets/Material/Scins/Без имени-.png
  artifactKey: Guid(4590a8a7833380642a2a2762fa9e8dee) Importer(815301076,1909f56bfc062723c751e8b465ee728b)
Start importing Assets/Material/Scins/Без имени-.png using Guid(4590a8a7833380642a2a2762fa9e8dee) Importer(815301076,1909f56bfc062723c751e8b465ee728b)  -> (artifact id: '080b6ecb90919910167fbde0a5087575') in 0.072313 seconds 
========================================================================
Received Import Request.
  Time since last request: 153.863918 seconds.
  path: Assets/Material/Scins/Без имени-.png
  artifactKey: Guid(4590a8a7833380642a2a2762fa9e8dee) Importer(815301076,1909f56bfc062723c751e8b465ee728b)
Start importing Assets/Material/Scins/Без имени-.png using Guid(4590a8a7833380642a2a2762fa9e8dee) Importer(815301076,1909f56bfc062723c751e8b465ee728b)  -> (artifact id: '8a0a924c807cb814c1428a3de3222417') in 0.052172 seconds 
========================================================================
Received Import Request.
  Time since last request: 71.972947 seconds.
  path: Assets/Material/Scins/Без имени-.png
  artifactKey: Guid(4590a8a7833380642a2a2762fa9e8dee) Importer(815301076,1909f56bfc062723c751e8b465ee728b)
Start importing Assets/Material/Scins/Без имени-.png using Guid(4590a8a7833380642a2a2762fa9e8dee) Importer(815301076,1909f56bfc062723c751e8b465ee728b)  -> (artifact id: '766517c196a216221f5f5a04da9db4b5') in 0.062504 seconds 
========================================================================
Received Import Request.
  Time since last request: 8.680485 seconds.
  path: Assets/Material/Scins/Без имени-.png
  artifactKey: Guid(4590a8a7833380642a2a2762fa9e8dee) Importer(815301076,1909f56bfc062723c751e8b465ee728b)
Start importing Assets/Material/Scins/Без имени-.png using Guid(4590a8a7833380642a2a2762fa9e8dee) Importer(815301076,1909f56bfc062723c751e8b465ee728b)  -> (artifact id: '36b8c532563f78d293e8a152b30a2c0c') in 0.247429 seconds 
========================================================================
Received Import Request.
  Time since last request: 17.181393 seconds.
  path: Assets/Material/Scins/Без имени-.png
  artifactKey: Guid(4590a8a7833380642a2a2762fa9e8dee) Importer(815301076,1909f56bfc062723c751e8b465ee728b)
Start importing Assets/Material/Scins/Без имени-.png using Guid(4590a8a7833380642a2a2762fa9e8dee) Importer(815301076,1909f56bfc062723c751e8b465ee728b)  -> (artifact id: '5ecd005df7f7c683822a8a2569ed04ef') in 0.054734 seconds 
========================================================================
Received Import Request.
  Time since last request: 8.417043 seconds.
  path: Assets/Material/Scins/Без имени-.png
  artifactKey: Guid(4590a8a7833380642a2a2762fa9e8dee) Importer(815301076,1909f56bfc062723c751e8b465ee728b)
Start importing Assets/Material/Scins/Без имени-.png using Guid(4590a8a7833380642a2a2762fa9e8dee) Importer(815301076,1909f56bfc062723c751e8b465ee728b)  -> (artifact id: '449718fd7ed5bec10137e3c89be442fd') in 0.025094 seconds 
========================================================================
Received Import Request.
  Time since last request: 5.055256 seconds.
  path: Assets/Material/Scins/Без имени-.png
  artifactKey: Guid(4590a8a7833380642a2a2762fa9e8dee) Importer(815301076,1909f56bfc062723c751e8b465ee728b)
Start importing Assets/Material/Scins/Без имени-.png using Guid(4590a8a7833380642a2a2762fa9e8dee) Importer(815301076,1909f56bfc062723c751e8b465ee728b)  -> (artifact id: '42cea560c520e34707cee388898cea69') in 0.045401 seconds 
========================================================================
Received Import Request.
  Time since last request: 11.301500 seconds.
  path: Assets/Material/Scins/Без имени-.png
  artifactKey: Guid(4590a8a7833380642a2a2762fa9e8dee) Importer(815301076,1909f56bfc062723c751e8b465ee728b)
Start importing Assets/Material/Scins/Без имени-.png using Guid(4590a8a7833380642a2a2762fa9e8dee) Importer(815301076,1909f56bfc062723c751e8b465ee728b)  -> (artifact id: '39557656cf7cebac2c28cb75d784c51c') in 0.043085 seconds 
========================================================================
Received Import Request.
  Time since last request: 32.141977 seconds.
  path: Assets/Material/Scins/Без имени-.png
  artifactKey: Guid(4590a8a7833380642a2a2762fa9e8dee) Importer(815301076,1909f56bfc062723c751e8b465ee728b)
Start importing Assets/Material/Scins/Без имени-.png using Guid(4590a8a7833380642a2a2762fa9e8dee) Importer(815301076,1909f56bfc062723c751e8b465ee728b)  -> (artifact id: '410332f9144820e3379fbb59ad9cc51a') in 0.043257 seconds 
========================================================================
Received Import Request.
  Time since last request: 143.245032 seconds.
  path: Assets/Material/Scins/Без имени-.png
  artifactKey: Guid(4590a8a7833380642a2a2762fa9e8dee) Importer(815301076,1909f56bfc062723c751e8b465ee728b)
Start importing Assets/Material/Scins/Без имени-.png using Guid(4590a8a7833380642a2a2762fa9e8dee) Importer(815301076,1909f56bfc062723c751e8b465ee728b)  -> (artifact id: '8f3e33d3cf53e15aa59df0f4491f5e1d') in 0.045573 seconds 
========================================================================
Received Import Request.
  Time since last request: 54.192667 seconds.
  path: Assets/Material/Scins/Без имени- 1.png
  artifactKey: Guid(ab011cca1902d2147bbce325f90b43ae) Importer(815301076,1909f56bfc062723c751e8b465ee728b)
Start importing Assets/Material/Scins/Без имени- 1.png using Guid(ab011cca1902d2147bbce325f90b43ae) Importer(815301076,1909f56bfc062723c751e8b465ee728b)  -> (artifact id: '2b11b58deefa065053066be969491b7e') in 0.039470 seconds 
========================================================================
Received Import Request.
  Time since last request: 26.975526 seconds.
  path: Assets/Material/Scins/Без имени3.png
  artifactKey: Guid(0182f0ba5de786a4787cf35d5642c018) Importer(815301076,1909f56bfc062723c751e8b465ee728b)
Start importing Assets/Material/Scins/Без имени3.png using Guid(0182f0ba5de786a4787cf35d5642c018) Importer(815301076,1909f56bfc062723c751e8b465ee728b)  -> (artifact id: 'd8a55b1005b15296405a4efae742a306') in 0.017664 seconds 
========================================================================
Received Import Request.
  Time since last request: 11.712190 seconds.
  path: Assets/Material/Scins/Без имени3.png
  artifactKey: Guid(0182f0ba5de786a4787cf35d5642c018) Importer(815301076,1909f56bfc062723c751e8b465ee728b)
Start importing Assets/Material/Scins/Без имени3.png using Guid(0182f0ba5de786a4787cf35d5642c018) Importer(815301076,1909f56bfc062723c751e8b465ee728b)  -> (artifact id: '403d7bb51498bdaf74df5decba50bc36') in 0.020063 seconds 
========================================================================
Received Import Request.
  Time since last request: 11.322468 seconds.
  path: Assets/Material/Scins/Без имени3.png
  artifactKey: Guid(0182f0ba5de786a4787cf35d5642c018) Importer(815301076,1909f56bfc062723c751e8b465ee728b)
Start importing Assets/Material/Scins/Без имени3.png using Guid(0182f0ba5de786a4787cf35d5642c018) Importer(815301076,1909f56bfc062723c751e8b465ee728b)  -> (artifact id: '101a1b6d5aa729130f958e4c5d1444ea') in 0.013812 seconds 
========================================================================
Received Import Request.
  Time since last request: 15.034619 seconds.
  path: Assets/Material/Scins/Без имени3.png
  artifactKey: Guid(0182f0ba5de786a4787cf35d5642c018) Importer(815301076,1909f56bfc062723c751e8b465ee728b)
Start importing Assets/Material/Scins/Без имени3.png using Guid(0182f0ba5de786a4787cf35d5642c018) Importer(815301076,1909f56bfc062723c751e8b465ee728b)  -> (artifact id: '42c7d271ceff0d8b9cd3a8344f9e065d') in 0.013366 seconds 
========================================================================
Received Import Request.
  Time since last request: 5.873037 seconds.
  path: Assets/Chank/Chank.prefab
  artifactKey: Guid(782fc33d3645a1042813819c529d3fe3) Importer(815301076,1909f56bfc062723c751e8b465ee728b)
Start importing Assets/Chank/Chank.prefab using Guid(782fc33d3645a1042813819c529d3fe3) Importer(815301076,1909f56bfc062723c751e8b465ee728b)  -> (artifact id: '50cc499fe9c61012fb976054ba5bfafe') in 0.071878 seconds 
========================================================================
Received Import Request.
  Time since last request: 0.000023 seconds.
  path: Assets/Chank/Chank2.prefab
  artifactKey: Guid(5ee1162a3f9f627468fcfc9ef3bd2bd9) Importer(815301076,1909f56bfc062723c751e8b465ee728b)
Start importing Assets/Chank/Chank2.prefab using Guid(5ee1162a3f9f627468fcfc9ef3bd2bd9) Importer(815301076,1909f56bfc062723c751e8b465ee728b)  -> (artifact id: 'e09cea71086e516da0dc698217468afb') in 0.032362 seconds 
========================================================================
Received Prepare
Registering precompiled user dll's ...
Registered in 0.006608 seconds.
Begin MonoManager ReloadAssembly
Symbol file LoadedFromMemory doesn't match image C:\Users\georg\Flapy1\Library\PackageCache\com.unity.visualscripting@1.8.0\Editor\VisualScripting.Core\Dependencies\YamlDotNet\Unity.VisualScripting.YamlDotNet.dll
Symbol file LoadedFromMemory doesn't match image C:\Users\georg\Flapy1\Library\PackageCache\com.unity.visualscripting@1.8.0\Editor\VisualScripting.Core\Dependencies\DotNetZip\Unity.VisualScripting.IonicZip.dll
Symbol file LoadedFromMemory is not a mono symbol file
Native extension for UWP target not found
Native extension for WindowsStandalone target not found
Native extension for Android target not found
Native extension for WebGL target not found
Refreshing native plugins compatible for Editor in 0.80 ms, found 3 plugins.
Preloading 0 native plugins for Editor in 0.00 ms.
Mono: successfully reloaded assembly
- Completed reload, in  1.164 seconds
Domain Reload Profiling:
	ReloadAssembly (1165ms)
		BeginReloadAssembly (140ms)
			ExecutionOrderSort (0ms)
			DisableScriptedObjects (4ms)
			BackupInstance (0ms)
			ReleaseScriptingObjects (0ms)
			CreateAndSetChildDomain (36ms)
		EndReloadAssembly (928ms)
			LoadAssemblies (100ms)
			RebuildTransferFunctionScriptingTraits (0ms)
			SetupTypeCache (331ms)
			ReleaseScriptCaches (2ms)
			RebuildScriptCaches (65ms)
			SetupLoadedEditorAssemblies (372ms)
				LogAssemblyErrors (0ms)
				InitializePlatformSupportModulesInManaged (24ms)
				SetLoadedEditorAssemblies (0ms)
				RefreshPlugins (1ms)
				BeforeProcessingInitializeOnLoad (67ms)
				ProcessInitializeOnLoadAttributes (249ms)
				ProcessInitializeOnLoadMethodAttributes (24ms)
				AfterProcessingInitializeOnLoad (6ms)
				EditorAssembliesLoaded (0ms)
			ExecutionOrderSort2 (0ms)
			AwakeInstancesAfterBackupRestoration (7ms)
Platform modules already initialized, skipping
Refreshing native plugins compatible for Editor in 2.16 ms, found 3 plugins.
Preloading 0 native plugins for Editor in 0.00 ms.
Unloading 3263 Unused Serialized files (Serialized files now loaded: 0)
Unloading 22 unused Assets / (152.9 KB). Loaded Objects now: 3794.
Memory consumption went from 120.7 MB to 120.5 MB.
Total: 4.273400 ms (FindLiveObjects: 0.393400 ms CreateObjectMapping: 0.291100 ms MarkObjects: 3.454200 ms  DeleteObjects: 0.133300 ms)

AssetImportParameters requested are different than current active one (requested -> active):
  custom:video-decoder-ogg-theora: a1e56fd34408186e4bbccfd4996cb3dc -> 
  custom:container-muxer-webm: aa71ff27fc2769a1b78a27578f13a17b -> 
  custom:container-demuxer-webm: 4f35f7cbe854078d1ac9338744f61a02 -> 
  custom:video-encoder-webm-vp8: eb34c28f22e8b96e1ab97ce403110664 -> 
  custom:audio-encoder-webm-vorbis: bf7c407c2cedff20999df2af8eb42d56 -> 
  custom:framework-win-MediaFoundation: 216162199b28c13a410421893ffa2e32 -> 
  custom:container-demuxer-ogg: 62fdf1f143b41e24485cea50d1cbac27 -> 
  custom:video-decoder-webm-vp8: 9c59270c3fd7afecdb556c50c9e8de78 -> 
  custom:audio-decoder-ogg-vorbis: bf7c407c2cedff20999df2af8eb42d56 -> 
========================================================================
Received Prepare
Registering precompiled user dll's ...
Registered in 0.005844 seconds.
Begin MonoManager ReloadAssembly
Symbol file LoadedFromMemory doesn't match image C:\Users\georg\Flapy1\Library\PackageCache\com.unity.visualscripting@1.8.0\Editor\VisualScripting.Core\Dependencies\YamlDotNet\Unity.VisualScripting.YamlDotNet.dll
Symbol file LoadedFromMemory doesn't match image C:\Users\georg\Flapy1\Library\PackageCache\com.unity.visualscripting@1.8.0\Editor\VisualScripting.Core\Dependencies\DotNetZip\Unity.VisualScripting.IonicZip.dll
Symbol file LoadedFromMemory is not a mono symbol file
Native extension for UWP target not found
Native extension for WindowsStandalone target not found
Native extension for Android target not found
Native extension for WebGL target not found
Refreshing native plugins compatible for Editor in 0.71 ms, found 3 plugins.
Preloading 0 native plugins for Editor in 0.00 ms.
Mono: successfully reloaded assembly
- Completed reload, in  1.180 seconds
Domain Reload Profiling:
	ReloadAssembly (1181ms)
		BeginReloadAssembly (143ms)
			ExecutionOrderSort (0ms)
			DisableScriptedObjects (4ms)
			BackupInstance (0ms)
			ReleaseScriptingObjects (0ms)
			CreateAndSetChildDomain (35ms)
		EndReloadAssembly (941ms)
			LoadAssemblies (99ms)
			RebuildTransferFunctionScriptingTraits (0ms)
			SetupTypeCache (316ms)
			ReleaseScriptCaches (1ms)
			RebuildScriptCaches (74ms)
			SetupLoadedEditorAssemblies (383ms)
				LogAssemblyErrors (0ms)
				InitializePlatformSupportModulesInManaged (25ms)
				SetLoadedEditorAssemblies (1ms)
				RefreshPlugins (1ms)
				BeforeProcessingInitializeOnLoad (64ms)
				ProcessInitializeOnLoadAttributes (260ms)
				ProcessInitializeOnLoadMethodAttributes (26ms)
				AfterProcessingInitializeOnLoad (7ms)
				EditorAssembliesLoaded (0ms)
			ExecutionOrderSort2 (0ms)
			AwakeInstancesAfterBackupRestoration (7ms)
Platform modules already initialized, skipping
Refreshing native plugins compatible for Editor in 2.44 ms, found 3 plugins.
Preloading 0 native plugins for Editor in 0.00 ms.
Unloading 3263 Unused Serialized files (Serialized files now loaded: 0)
Unloading 22 unused Assets / (153.0 KB). Loaded Objects now: 3809.
Memory consumption went from 120.7 MB to 120.6 MB.
Total: 3.593400 ms (FindLiveObjects: 0.361900 ms CreateObjectMapping: 0.090800 ms MarkObjects: 3.022800 ms  DeleteObjects: 0.116700 ms)

AssetImportParameters requested are different than current active one (requested -> active):
  custom:video-decoder-ogg-theora: a1e56fd34408186e4bbccfd4996cb3dc -> 
  custom:container-muxer-webm: aa71ff27fc2769a1b78a27578f13a17b -> 
  custom:container-demuxer-webm: 4f35f7cbe854078d1ac9338744f61a02 -> 
  custom:video-encoder-webm-vp8: eb34c28f22e8b96e1ab97ce403110664 -> 
  custom:audio-encoder-webm-vorbis: bf7c407c2cedff20999df2af8eb42d56 -> 
  custom:framework-win-MediaFoundation: 216162199b28c13a410421893ffa2e32 -> 
  custom:container-demuxer-ogg: 62fdf1f143b41e24485cea50d1cbac27 -> 
  custom:video-decoder-webm-vp8: 9c59270c3fd7afecdb556c50c9e8de78 -> 
  custom:audio-decoder-ogg-vorbis: bf7c407c2cedff20999df2af8eb42d56 -> 
========================================================================
Received Prepare
Registering precompiled user dll's ...
Registered in 0.005373 seconds.
Begin MonoManager ReloadAssembly
Symbol file LoadedFromMemory doesn't match image C:\Users\georg\Flapy1\Library\PackageCache\com.unity.visualscripting@1.8.0\Editor\VisualScripting.Core\Dependencies\YamlDotNet\Unity.VisualScripting.YamlDotNet.dll
Symbol file LoadedFromMemory doesn't match image C:\Users\georg\Flapy1\Library\PackageCache\com.unity.visualscripting@1.8.0\Editor\VisualScripting.Core\Dependencies\DotNetZip\Unity.VisualScripting.IonicZip.dll
Symbol file LoadedFromMemory is not a mono symbol file
Native extension for UWP target not found
Native extension for WindowsStandalone target not found
Native extension for Android target not found
Native extension for WebGL target not found
Refreshing native plugins compatible for Editor in 0.74 ms, found 3 plugins.
Preloading 0 native plugins for Editor in 0.00 ms.
Mono: successfully reloaded assembly
- Completed reload, in  1.088 seconds
Domain Reload Profiling:
	ReloadAssembly (1089ms)
		BeginReloadAssembly (137ms)
			ExecutionOrderSort (0ms)
			DisableScriptedObjects (4ms)
			BackupInstance (0ms)
			ReleaseScriptingObjects (0ms)
			CreateAndSetChildDomain (38ms)
		EndReloadAssembly (854ms)
			LoadAssemblies (95ms)
			RebuildTransferFunctionScriptingTraits (0ms)
			SetupTypeCache (280ms)
			ReleaseScriptCaches (2ms)
			RebuildScriptCaches (53ms)
			SetupLoadedEditorAssemblies (374ms)
				LogAssemblyErrors (0ms)
				InitializePlatformSupportModulesInManaged (23ms)
				SetLoadedEditorAssemblies (0ms)
				RefreshPlugins (1ms)
				BeforeProcessingInitializeOnLoad (66ms)
				ProcessInitializeOnLoadAttributes (253ms)
				ProcessInitializeOnLoadMethodAttributes (23ms)
				AfterProcessingInitializeOnLoad (6ms)
				EditorAssembliesLoaded (0ms)
			ExecutionOrderSort2 (0ms)
			AwakeInstancesAfterBackupRestoration (6ms)
Platform modules already initialized, skipping
Refreshing native plugins compatible for Editor in 3.00 ms, found 3 plugins.
Preloading 0 native plugins for Editor in 0.00 ms.
Unloading 3263 Unused Serialized files (Serialized files now loaded: 0)
Unloading 22 unused Assets / (153.0 KB). Loaded Objects now: 3824.
Memory consumption went from 120.6 MB to 120.5 MB.
Total: 4.219800 ms (FindLiveObjects: 0.485000 ms CreateObjectMapping: 0.579400 ms MarkObjects: 3.015300 ms  DeleteObjects: 0.138400 ms)

AssetImportParameters requested are different than current active one (requested -> active):
  custom:video-decoder-ogg-theora: a1e56fd34408186e4bbccfd4996cb3dc -> 
  custom:container-muxer-webm: aa71ff27fc2769a1b78a27578f13a17b -> 
  custom:container-demuxer-webm: 4f35f7cbe854078d1ac9338744f61a02 -> 
  custom:video-encoder-webm-vp8: eb34c28f22e8b96e1ab97ce403110664 -> 
  custom:audio-encoder-webm-vorbis: bf7c407c2cedff20999df2af8eb42d56 -> 
  custom:framework-win-MediaFoundation: 216162199b28c13a410421893ffa2e32 -> 
  custom:container-demuxer-ogg: 62fdf1f143b41e24485cea50d1cbac27 -> 
  custom:video-decoder-webm-vp8: 9c59270c3fd7afecdb556c50c9e8de78 -> 
  custom:audio-decoder-ogg-vorbis: bf7c407c2cedff20999df2af8eb42d56 -> 
========================================================================
Received Import Request.
  Time since last request: 76.669894 seconds.
  path: Assets/Material/Defolt.mat
  artifactKey: Guid(2ef809b0e4b89da428ca5e7e0a2dd422) Importer(815301076,1909f56bfc062723c751e8b465ee728b)
Start importing Assets/Material/Defolt.mat using Guid(2ef809b0e4b89da428ca5e7e0a2dd422) Importer(815301076,1909f56bfc062723c751e8b465ee728b)  -> (artifact id: '8f790271abede395ef22fbd6001b3e0a') in 0.079826 seconds 
